<?xml version="1.0" encoding="UTF-8"?>
<testng-results skipped="0" failed="0" total="1" passed="1">
  <reporter-output>
  </reporter-output>
  <suite name="Default suite" duration-ms="83" started-at="2018-12-31T05:29:55Z" finished-at="2018-12-31T05:29:55Z">
    <groups>
    </groups>
    <test name="Default test" duration-ms="83" started-at="2018-12-31T05:29:55Z" finished-at="2018-12-31T05:29:55Z">
      <class name="com.OHRM.SampTest">
        <test-method status="PASS" signature="hi()[pri:0, instance:com.OHRM.SampTest@6276ae34]" name="hi" duration-ms="34" started-at="2018-12-31T10:59:55Z" finished-at="2018-12-31T10:59:55Z">
          <reporter-output>
          </reporter-output>
        </test-method> <!-- hi -->
      </class> <!-- com.OHRM.SampTest -->
    </test> <!-- Default test -->
  </suite> <!-- Default suite -->
</testng-results>
