<?xml version="1.0" encoding="UTF-8"?>
<testng-results skipped="0" failed="0" total="2" passed="2">
  <reporter-output>
  </reporter-output>
  <suite name="Default suite" duration-ms="52533" started-at="2019-01-11T05:45:11Z" finished-at="2019-01-11T05:46:03Z">
    <groups>
    </groups>
    <test name="Default test" duration-ms="52533" started-at="2019-01-11T05:45:11Z" finished-at="2019-01-11T05:46:03Z">
      <class name="com.Grid_DataProvider.NewTours_LogInTest">
        <test-method status="PASS" signature="logIn(java.lang.String, java.lang.String, java.lang.String)[pri:0, instance:com.Grid_DataProvider.NewTours_LogInTest@5ae9a829]" name="logIn" duration-ms="52247" started-at="2019-01-11T11:15:11Z" data-provider="getData" finished-at="2019-01-11T11:16:03Z">
          <params>
            <param index="0">
              <value>
                <![CDATA[tutorial]]>
              </value>
            </param>
            <param index="1">
              <value>
                <![CDATA[tutorial]]>
              </value>
            </param>
            <param index="2">
              <value>
                <![CDATA[chrome]]>
              </value>
            </param>
          </params>
          <reporter-output>
          </reporter-output>
        </test-method> <!-- logIn -->
        <test-method status="PASS" signature="logIn(java.lang.String, java.lang.String, java.lang.String)[pri:0, instance:com.Grid_DataProvider.NewTours_LogInTest@5ae9a829]" name="logIn" duration-ms="52489" started-at="2019-01-11T11:15:11Z" data-provider="getData" finished-at="2019-01-11T11:16:03Z">
          <params>
            <param index="0">
              <value>
                <![CDATA[tutorial]]>
              </value>
            </param>
            <param index="1">
              <value>
                <![CDATA[tutorial]]>
              </value>
            </param>
            <param index="2">
              <value>
                <![CDATA[firefox]]>
              </value>
            </param>
          </params>
          <reporter-output>
          </reporter-output>
        </test-method> <!-- logIn -->
      </class> <!-- com.Grid_DataProvider.NewTours_LogInTest -->
    </test> <!-- Default test -->
  </suite> <!-- Default suite -->
</testng-results>
