<?xml version="1.0" encoding="UTF-8"?>
<testng-results skipped="0" failed="0" ignored="0" total="1" passed="1">
  <reporter-output>
  </reporter-output>
  <suite name="Default suite" duration-ms="58423" started-at="2019-01-18T06:24:24Z" finished-at="2019-01-18T06:25:23Z">
    <groups>
    </groups>
    <test name="Default test" duration-ms="58423" started-at="2019-01-18T06:24:24Z" finished-at="2019-01-18T06:25:23Z">
      <class name="com.NewTours.NewTours_LogInTest">
        <test-method status="PASS" signature="setUp()[pri:0, instance:com.NewTours.NewTours_LogInTest@87f383f]" name="setUp" is-config="true" duration-ms="10967" started-at="2019-01-18T11:54:24Z" finished-at="2019-01-18T11:54:35Z">
          <reporter-output>
          </reporter-output>
        </test-method> <!-- setUp -->
        <test-method status="PASS" signature="logIn()[pri:0, instance:com.NewTours.NewTours_LogInTest@87f383f]" name="logIn" duration-ms="47421" started-at="2019-01-18T11:54:35Z" finished-at="2019-01-18T11:55:23Z">
          <reporter-output>
          </reporter-output>
        </test-method> <!-- logIn -->
        <test-method status="PASS" signature="tearDown()[pri:0, instance:com.NewTours.NewTours_LogInTest@87f383f]" name="tearDown" is-config="true" duration-ms="15" started-at="2019-01-18T11:55:23Z" finished-at="2019-01-18T11:55:23Z">
          <reporter-output>
          </reporter-output>
        </test-method> <!-- tearDown -->
      </class> <!-- com.NewTours.NewTours_LogInTest -->
    </test> <!-- Default test -->
  </suite> <!-- Default suite -->
</testng-results>
