<?xml version="1.0" encoding="UTF-8"?>
<testng-results skipped="0" failed="0" ignored="0" total="1" passed="1">
  <reporter-output>
  </reporter-output>
  <suite name="com.NewTours.NewTours_LogInTest" duration-ms="56354" started-at="2019-01-18T06:27:50Z" finished-at="2019-01-18T06:28:46Z">
    <groups>
    </groups>
    <test name="Command line test" duration-ms="56354" started-at="2019-01-18T06:27:50Z" finished-at="2019-01-18T06:28:46Z">
      <class name="com.NewTours.NewTours_LogInTest">
        <test-method status="PASS" signature="setUp()[pri:0, instance:com.NewTours.NewTours_LogInTest@54a097cc]" name="setUp" is-config="true" duration-ms="9904" started-at="2019-01-18T06:27:50Z" finished-at="2019-01-18T06:28:00Z">
          <reporter-output>
          </reporter-output>
        </test-method> <!-- setUp -->
        <test-method status="PASS" signature="logIn()[pri:0, instance:com.NewTours.NewTours_LogInTest@54a097cc]" name="logIn" duration-ms="46411" started-at="2019-01-18T06:28:00Z" finished-at="2019-01-18T06:28:46Z">
          <reporter-output>
          </reporter-output>
        </test-method> <!-- logIn -->
        <test-method status="PASS" signature="tearDown()[pri:0, instance:com.NewTours.NewTours_LogInTest@54a097cc]" name="tearDown" is-config="true" duration-ms="16" started-at="2019-01-18T06:28:46Z" finished-at="2019-01-18T06:28:46Z">
          <reporter-output>
          </reporter-output>
        </test-method> <!-- tearDown -->
      </class> <!-- com.NewTours.NewTours_LogInTest -->
    </test> <!-- Command line test -->
  </suite> <!-- com.NewTours.NewTours_LogInTest -->
</testng-results>
