<?xml version="1.0" encoding="UTF-8"?>
<testng-results skipped="0" failed="0" total="1" passed="1">
  <reporter-output>
  </reporter-output>
  <suite name="Default suite" duration-ms="84377" started-at="2019-01-19T00:34:34Z" finished-at="2019-01-19T00:35:58Z">
    <groups>
    </groups>
    <test name="Default test" duration-ms="84377" started-at="2019-01-19T00:34:34Z" finished-at="2019-01-19T00:35:58Z">
      <class name="com.NewTours.TestScripts.TC_101">
        <test-method status="PASS" signature="setUp()[pri:0, instance:com.NewTours.TestScripts.TC_101@100fc185]" name="setUp" is-config="true" duration-ms="11582" started-at="2019-01-19T06:04:34Z" finished-at="2019-01-19T06:04:45Z">
          <reporter-output>
          </reporter-output>
        </test-method> <!-- setUp -->
        <test-method status="PASS" signature="homePageTesting()[pri:0, instance:com.NewTours.TestScripts.TC_101@100fc185]" name="homePageTesting" duration-ms="71746" started-at="2019-01-19T06:04:45Z" finished-at="2019-01-19T06:05:57Z">
          <reporter-output>
          </reporter-output>
        </test-method> <!-- homePageTesting -->
        <test-method status="PASS" signature="tearDown()[pri:0, instance:com.NewTours.TestScripts.TC_101@100fc185]" name="tearDown" is-config="true" duration-ms="1042" started-at="2019-01-19T06:05:57Z" finished-at="2019-01-19T06:05:58Z">
          <reporter-output>
          </reporter-output>
        </test-method> <!-- tearDown -->
      </class> <!-- com.NewTours.TestScripts.TC_101 -->
    </test> <!-- Default test -->
  </suite> <!-- Default suite -->
</testng-results>
