<?xml version="1.0" encoding="UTF-8"?>
<!-- Generated by org.testng.reporters.JUnitXMLReporter -->
<testsuite hostname="Cnu" name="NewTours UserRegistration" tests="2" failures="0" timestamp="4 Jan 2019 06:40:35 GMT" time="33.241" errors="0">
  <testcase name="register" time="0.439" classname="com.DataDriven.NewTours_NewUserRegistration_TestData"/>
  <testcase name="NewUserRegistration" time="15.385" classname="com.DataDriven.NewTours_NewUserRegistration_TestData"/>
</testsuite> <!-- NewTours UserRegistration -->
