<?xml version="1.0" encoding="UTF-8"?>
<testng-results skipped="0" failed="0" total="1" passed="1">
  <reporter-output>
  </reporter-output>
  <suite name="Default suite" duration-ms="23752" started-at="2019-01-18T05:51:16Z" finished-at="2019-01-18T05:51:40Z">
    <groups>
    </groups>
    <test name="Default test" duration-ms="23752" started-at="2019-01-18T05:51:16Z" finished-at="2019-01-18T05:51:40Z">
      <class name="com.OHRM.testScripts.TC_102">
        <test-method status="PASS" signature="testRun2()[pri:0, instance:com.OHRM.testScripts.TC_102@6276ae34]" name="testRun2" duration-ms="23721" started-at="2019-01-18T11:21:16Z" finished-at="2019-01-18T11:21:40Z">
          <reporter-output>
          </reporter-output>
        </test-method> <!-- testRun2 -->
      </class> <!-- com.OHRM.testScripts.TC_102 -->
    </test> <!-- Default test -->
  </suite> <!-- Default suite -->
</testng-results>
